<?xml version="1.0" encoding="UTF-8"?>
<!-- Generated by org.testng.reporters.JUnitXMLReporter -->
<testsuite ignored="0" hostname="Nistozs-MacBook-Pro-II.local" failures="0" tests="2" name="LoginTest" time="26.976" errors="0" timestamp="2023-07-16T11:47:30 CDT">
  <testcase classname="nb_c11s9_Test_pkg.LoginTest" name="validUserShouldBeAbleToLogin" time="7.512"/>
  <testcase classname="nb_c11s9_Test_pkg.AddCustomerTest" name="userShouldBeAbleToAddCustomer" time="19.391"/>
</testsuite> <!-- LoginTest -->
