<?xml version="1.0" encoding="UTF-8"?>
<testng-results ignored="0" total="1" passed="1" failed="0" skipped="0">
  <reporter-output>
  </reporter-output>
  <suite started-at="2023-07-16T19:13:33 CDT" name="Regression" finished-at="2023-07-16T19:14:02 CDT" duration-ms="28905">
    <groups>
    </groups>
    <test started-at="2023-07-16T19:13:33 CDT" name="crmTest" finished-at="2023-07-16T19:14:02 CDT" duration-ms="28905">
      <class name="nb_c11s9_Test_pkg.ListCustomersTest">
        <test-method signature="userShouldBeAbleToAddCustomerFromListCust(java.lang.String,java.lang.String,java.lang.String,java.lang.String,java.lang.String,java.lang.String,java.lang.String,java.lang.String,java.lang.String,java.lang.String,java.lang.String,java.lang.String,java.lang.String,java.lang.String)[pri:0, instance:nb_c11s9_Test_pkg.ListCustomersTest@593aaf41]" started-at="2023-07-16T19:13:34 CDT" name="userShouldBeAbleToAddCustomerFromListCust" finished-at="2023-07-16T19:14:02 CDT" duration-ms="28821" status="PASS">
          <params>
            <param index="0">
              <value>
                <![CDATA[demo@techfios.com]]>
              </value>
            </param>
            <param index="1">
              <value>
                <![CDATA[abc123]]>
              </value>
            </param>
            <param index="2">
              <value>
                <![CDATA[Dashboard]]>
              </value>
            </param>
            <param index="3">
              <value>
                <![CDATA[Image]]>
              </value>
            </param>
            <param index="4">
              <value>
                <![CDATA[Add Contact]]>
              </value>
            </param>
            <param index="5">
              <value>
                <![CDATA[Nish's Excel]]>
              </value>
            </param>
            <param index="6">
              <value>
                <![CDATA[Techfios]]>
              </value>
            </param>
            <param index="7">
              <value>
                <![CDATA[nish@demo.com]]>
              </value>
            </param>
            <param index="8">
              <value>
                <![CDATA[1234567]]>
              </value>
            </param>
            <param index="9">
              <value>
                <![CDATA[123 Lake View Street]]>
              </value>
            </param>
            <param index="10">
              <value>
                <![CDATA[Dallas]]>
              </value>
            </param>
            <param index="11">
              <value>
                <![CDATA[Nepal]]>
              </value>
            </param>
            <param index="12">
              <value>
                <![CDATA[Texas]]>
              </value>
            </param>
            <param index="13">
              <value>
                <![CDATA[12345]]>
              </value>
            </param>
          </params>
          <reporter-output>
          </reporter-output>
        </test-method> <!-- userShouldBeAbleToAddCustomerFromListCust -->
      </class> <!-- nb_c11s9_Test_pkg.ListCustomersTest -->
    </test> <!-- crmTest -->
  </suite> <!-- Regression -->
</testng-results>
